Performing C SOURCE FILE Test CMAKE_HAVE_LIBC_PTHREAD failed with the following output:
Change Dir: /media/ulsee/SSD/stereoVision/build/CMakeFiles/CMakeTmp

Run Build Command(s):/usr/bin/make cmTC_79bdd/fast && /usr/bin/make  -f CMakeFiles/cmTC_79bdd.dir/build.make CMakeFiles/cmTC_79bdd.dir/build
make[1]: Entering directory '/media/ulsee/SSD/stereoVision/build/CMakeFiles/CMakeTmp'
Building C object CMakeFiles/cmTC_79bdd.dir/src.c.o
/usr/bin/cc   -fPIC -DCMAKE_HAVE_LIBC_PTHREAD   -o CMakeFiles/cmTC_79bdd.dir/src.c.o   -c /media/ulsee/SSD/stereoVision/build/CMakeFiles/CMakeTmp/src.c
Linking C executable cmTC_79bdd
/usr/local/bin/cmake -E cmake_link_script CMakeFiles/cmTC_79bdd.dir/link.txt --verbose=1
/usr/bin/cc -fPIC -DCMAKE_HAVE_LIBC_PTHREAD    -rdynamic CMakeFiles/cmTC_79bdd.dir/src.c.o  -o cmTC_79bdd 
CMakeFiles/cmTC_79bdd.dir/src.c.o: In function `main':
src.c:(.text+0x48): undefined reference to `pthread_create'
src.c:(.text+0x50): undefined reference to `pthread_detach'
src.c:(.text+0x58): undefined reference to `pthread_cancel'
src.c:(.text+0x64): undefined reference to `pthread_join'
src.c:(.text+0x74): undefined reference to `pthread_atfork'
collect2: error: ld returned 1 exit status
CMakeFiles/cmTC_79bdd.dir/build.make:106: recipe for target 'cmTC_79bdd' failed
make[1]: *** [cmTC_79bdd] Error 1
make[1]: Leaving directory '/media/ulsee/SSD/stereoVision/build/CMakeFiles/CMakeTmp'
Makefile:141: recipe for target 'cmTC_79bdd/fast' failed
make: *** [cmTC_79bdd/fast] Error 2


Source file was:
#include <pthread.h>

void* test_func(void* data)
{
  return data;
}

int main(void)
{
  pthread_t thread;
  pthread_create(&thread, NULL, test_func, NULL);
  pthread_detach(thread);
  pthread_cancel(thread);
  pthread_join(thread, NULL);
  pthread_atfork(NULL, NULL, NULL);
  pthread_exit(NULL);

  return 0;
}

Determining if the function pthread_create exists in the pthreads failed with the following output:
Change Dir: /media/ulsee/SSD/stereoVision/build/CMakeFiles/CMakeTmp

Run Build Command(s):/usr/bin/make cmTC_7ec1d/fast && /usr/bin/make  -f CMakeFiles/cmTC_7ec1d.dir/build.make CMakeFiles/cmTC_7ec1d.dir/build
make[1]: Entering directory '/media/ulsee/SSD/stereoVision/build/CMakeFiles/CMakeTmp'
Building C object CMakeFiles/cmTC_7ec1d.dir/CheckFunctionExists.c.o
/usr/bin/cc   -fPIC -DCHECK_FUNCTION_EXISTS=pthread_create   -o CMakeFiles/cmTC_7ec1d.dir/CheckFunctionExists.c.o   -c /usr/local/share/cmake-3.17/Modules/CheckFunctionExists.c
Linking C executable cmTC_7ec1d
/usr/local/bin/cmake -E cmake_link_script CMakeFiles/cmTC_7ec1d.dir/link.txt --verbose=1
/usr/bin/cc -fPIC -DCHECK_FUNCTION_EXISTS=pthread_create    -rdynamic CMakeFiles/cmTC_7ec1d.dir/CheckFunctionExists.c.o  -o cmTC_7ec1d  -lpthreads 
/usr/bin/ld: cannot find -lpthreads
collect2: error: ld returned 1 exit status
CMakeFiles/cmTC_7ec1d.dir/build.make:106: recipe for target 'cmTC_7ec1d' failed
make[1]: *** [cmTC_7ec1d] Error 1
make[1]: Leaving directory '/media/ulsee/SSD/stereoVision/build/CMakeFiles/CMakeTmp'
Makefile:141: recipe for target 'cmTC_7ec1d/fast' failed
make: *** [cmTC_7ec1d/fast] Error 2



